[debug] [2021-08-04T17:36:25.805Z] ----------------------------------------------------------------------
[debug] [2021-08-04T17:36:25.809Z] Command:       /usr/local/bin/node /usr/local/bin/firebase emulators:start
[debug] [2021-08-04T17:36:25.810Z] CLI Version:   9.16.0
[debug] [2021-08-04T17:36:25.810Z] Platform:      linux
[debug] [2021-08-04T17:36:25.810Z] Node Version:  v14.17.0
[debug] [2021-08-04T17:36:25.811Z] Time:          Wed Aug 04 2021 12:36:25 GMT-0500 (Central Daylight Time)
[debug] [2021-08-04T17:36:25.811Z] ----------------------------------------------------------------------
[debug] 
[debug] [2021-08-04T17:36:25.868Z] > command requires scopes: ["email","openid","https://www.googleapis.com/auth/cloudplatformprojects.readonly","https://www.googleapis.com/auth/firebase","https://www.googleapis.com/auth/cloud-platform"]
[debug] [2021-08-04T17:36:25.868Z] > authorizing via signed-in user (dsharris10@gmail.com)
[info] i  emulators: Starting emulators: auth, functions, firestore, hosting {"metadata":{"emulator":{"name":"hub"},"message":"Starting emulators: auth, functions, firestore, hosting"}}
[debug] [2021-08-04T17:36:25.882Z] [hub] writing locator at /tmp/hub-convo-0.json
[warn] ⚠  functions: The following emulators are not running, calls to these services from the Functions emulator will affect production: database, pubsub, storage {"metadata":{"emulator":{"name":"functions"},"message":"The following emulators are not running, calls to these services from the Functions emulator will affect production: \u001b[1mdatabase, pubsub, storage\u001b[22m"}}
[info] ✔  functions: Using node@14 from host. {"metadata":{"emulator":{"name":"functions"},"message":"Using node@14 from host."}}
[debug] [2021-08-04T17:36:25.911Z] defaultcredentials: writing to file /home/drew/.config/firebase/dsharris10_gmail_com_application_default_credentials.json
[debug] [2021-08-04T17:36:25.915Z] Setting GAC to /home/drew/.config/firebase/dsharris10_gmail_com_application_default_credentials.json {"metadata":{"emulator":{"name":"functions"},"message":"Setting GAC to /home/drew/.config/firebase/dsharris10_gmail_com_application_default_credentials.json"}}
[debug] [2021-08-04T17:36:25.920Z] > refreshing access token with scopes: []
[debug] [2021-08-04T17:36:25.922Z] >>> HTTP REQUEST POST https://www.googleapis.com/oauth2/v3/token  
 <request body omitted>
[debug] [2021-08-04T17:36:26.105Z] <<< HTTP RESPONSE 200 {"cache-control":"no-cache, no-store, max-age=0, must-revalidate","date":"Wed, 04 Aug 2021 17:36:26 GMT","expires":"Mon, 01 Jan 1990 00:00:00 GMT","pragma":"no-cache","content-type":"application/json; charset=utf-8","vary":"X-Origin, Referer, Origin,Accept-Encoding","server":"scaffolding on HTTPServer2","x-xss-protection":"0","x-frame-options":"SAMEORIGIN","x-content-type-options":"nosniff","alt-svc":"h3=\":443\"; ma=2592000,h3-29=\":443\"; ma=2592000,h3-T051=\":443\"; ma=2592000,h3-Q050=\":443\"; ma=2592000,h3-Q046=\":443\"; ma=2592000,h3-Q043=\":443\"; ma=2592000,quic=\":443\"; ma=2592000; v=\"46,43\"","accept-ranges":"none","transfer-encoding":"chunked"}
[debug] [2021-08-04T17:36:26.141Z] >>> [apiv2][query] GET https://firebase.googleapis.com/v1beta1/projects/convo-0/adminSdkConfig [none]
[debug] [2021-08-04T17:36:26.633Z] <<< [apiv2][status] GET https://firebase.googleapis.com/v1beta1/projects/convo-0/adminSdkConfig 200
[debug] [2021-08-04T17:36:26.634Z] <<< [apiv2][body] GET https://firebase.googleapis.com/v1beta1/projects/convo-0/adminSdkConfig {"projectId":"convo-0","storageBucket":"convo-0.appspot.com","locationId":"us-central"}
[debug] [2021-08-04T17:36:26.682Z] Ignoring unsupported arg: projectId {"metadata":{"emulator":{"name":"firestore"},"message":"Ignoring unsupported arg: projectId"}}
[debug] [2021-08-04T17:36:26.682Z] Ignoring unsupported arg: auto_download {"metadata":{"emulator":{"name":"firestore"},"message":"Ignoring unsupported arg: auto_download"}}
[debug] [2021-08-04T17:36:26.682Z] Starting Firestore Emulator with command {"binary":"java","args":["-Dgoogle.cloud_firestore.debug_log_level=FINE","-Duser.language=en","-jar","/home/drew/.cache/firebase/emulators/cloud-firestore-emulator-v1.13.1.jar","--host","localhost","--port",8080,"--rules","/home/drew/Programs/convo/firestore.rules","--functions_emulator","localhost:5001"],"optionalArgs":["port","webchannel_port","host","rules","functions_emulator","seed_from_export"],"joinArgs":false} {"metadata":{"emulator":{"name":"firestore"},"message":"Starting Firestore Emulator with command {\"binary\":\"java\",\"args\":[\"-Dgoogle.cloud_firestore.debug_log_level=FINE\",\"-Duser.language=en\",\"-jar\",\"/home/drew/.cache/firebase/emulators/cloud-firestore-emulator-v1.13.1.jar\",\"--host\",\"localhost\",\"--port\",8080,\"--rules\",\"/home/drew/Programs/convo/firestore.rules\",\"--functions_emulator\",\"localhost:5001\"],\"optionalArgs\":[\"port\",\"webchannel_port\",\"host\",\"rules\",\"functions_emulator\",\"seed_from_export\"],\"joinArgs\":false}"}}
[info] i  firestore: Firestore Emulator logging to firestore-debug.log {"metadata":{"emulator":{"name":"firestore"},"message":"Firestore Emulator logging to \u001b[1mfirestore-debug.log\u001b[22m"}}
[debug] [2021-08-04T17:36:28.155Z] Aug 04, 2021 12:36:28 PM com.google.cloud.datastore.emulator.firestore.websocket.WebSocketServer start
INFO: Started WebSocket server on ws://localhost:46147
 {"metadata":{"emulator":{"name":"firestore"},"message":"Aug 04, 2021 12:36:28 PM com.google.cloud.datastore.emulator.firestore.websocket.WebSocketServer start\nINFO: Started WebSocket server on ws://localhost:46147\n"}}
[debug] [2021-08-04T17:36:28.206Z] API endpoint: http://localhost: {"metadata":{"emulator":{"name":"firestore"},"message":"API endpoint: http://localhost:"}}
[debug] [2021-08-04T17:36:28.206Z] 8080
If you are using a library that supports the FIRESTORE_EMULATOR_HOST environment variable, run:

   export FIRESTORE_EMULATOR_HOST=localhost:8080

Dev App Server is now running.

 {"metadata":{"emulator":{"name":"firestore"},"message":"8080\nIf you are using a library that supports the FIRESTORE_EMULATOR_HOST environment variable, run:\n\n   export FIRESTORE_EMULATOR_HOST=localhost:8080\n\nDev App Server is now running.\n\n"}}
[debug] [2021-08-04T17:36:30.720Z] >>> [apiv2][query] GET https://firebasehosting.googleapis.com/v1beta1/projects/convo-0/sites 
[debug] [2021-08-04T17:36:35.997Z] <<< [apiv2][status] GET https://firebasehosting.googleapis.com/v1beta1/projects/convo-0/sites 200
[debug] [2021-08-04T17:36:35.998Z] <<< [apiv2][body] GET https://firebasehosting.googleapis.com/v1beta1/projects/convo-0/sites {"sites":[{"name":"projects/154449697709/sites/convo-0","defaultUrl":"https://convo-0.web.app","appId":"1:154449697709:web:5e10c9d7c0313c10efdf24","type":"DEFAULT_SITE"}]}
[debug] [2021-08-04T17:36:35.999Z] >>> [apiv2][query] GET https://firebase.googleapis.com/v1beta1/projects/convo-0/webApps/1:154449697709:web:5e10c9d7c0313c10efdf24/config [none]
[debug] [2021-08-04T17:36:36.308Z] <<< [apiv2][status] GET https://firebase.googleapis.com/v1beta1/projects/convo-0/webApps/1:154449697709:web:5e10c9d7c0313c10efdf24/config 200
[debug] [2021-08-04T17:36:36.309Z] <<< [apiv2][body] GET https://firebase.googleapis.com/v1beta1/projects/convo-0/webApps/1:154449697709:web:5e10c9d7c0313c10efdf24/config {"projectId":"convo-0","appId":"1:154449697709:web:5e10c9d7c0313c10efdf24","storageBucket":"convo-0.appspot.com","locationId":"us-central","apiKey":"AIzaSyDHY0lS9b-QZm9csAY9JVSSgQizNwsSuno","authDomain":"convo-0.firebaseapp.com","messagingSenderId":"154449697709","measurementId":"G-Z19713245B"}
[info] i  hosting: Serving hosting files from: build {"metadata":{"emulator":{"name":"hosting"},"message":"Serving hosting files from: \u001b[1mbuild\u001b[22m"}}
[info] ✔  hosting: Local server: http://localhost:5000 {"metadata":{"emulator":{"name":"hosting"},"message":"Local server: \u001b[4m\u001b[1mhttp://localhost:5000\u001b[22m\u001b[24m"}}
[debug] [2021-08-04T17:36:36.356Z] Ignoring unsupported arg: auto_download {"metadata":{"emulator":{"name":"ui"},"message":"Ignoring unsupported arg: auto_download"}}
[debug] [2021-08-04T17:36:36.356Z] Ignoring unsupported arg: port {"metadata":{"emulator":{"name":"ui"},"message":"Ignoring unsupported arg: port"}}
[debug] [2021-08-04T17:36:36.356Z] Starting Emulator UI with command {"binary":"node","args":["/home/drew/.cache/firebase/emulators/ui-v1.6.0/server.bundle.js"],"optionalArgs":[],"joinArgs":false} {"metadata":{"emulator":{"name":"ui"},"message":"Starting Emulator UI with command {\"binary\":\"node\",\"args\":[\"/home/drew/.cache/firebase/emulators/ui-v1.6.0/server.bundle.js\"],\"optionalArgs\":[],\"joinArgs\":false}"}}
[info] i  ui: Emulator UI logging to ui-debug.log {"metadata":{"emulator":{"name":"ui"},"message":"Emulator UI logging to \u001b[1mui-debug.log\u001b[22m"}}
[debug] [2021-08-04T17:36:36.472Z] Web / API server started at localhost:4000
 {"metadata":{"emulator":{"name":"ui"},"message":"Web / API server started at localhost:4000\n"}}
[info] i  functions: Watching "/home/drew/Programs/convo/functions" for Cloud Functions... {"metadata":{"emulator":{"name":"functions"},"message":"Watching \"/home/drew/Programs/convo/functions\" for Cloud Functions..."}}
[debug] [2021-08-04T17:36:36.659Z] [worker-pool] addWorker(~diagnostic~) {"metadata":{"emulator":{"name":"functions"},"message":"[worker-pool] addWorker(~diagnostic~)"}}
[debug] [2021-08-04T17:36:36.660Z] [worker-pool] Adding worker with key ~diagnostic~, total=1 {"metadata":{"emulator":{"name":"functions"},"message":"[worker-pool] Adding worker with key ~diagnostic~, total=1"}}
[debug] [2021-08-04T17:36:36.661Z] [worker-pool] submitWork(triggerId=) {"metadata":{"emulator":{"name":"functions"},"message":"[worker-pool] submitWork(triggerId=)"}}
[debug] [2021-08-04T17:36:36.663Z] [worker-~diagnostic~-2bc978b0-d389-4374-a2d3-e311f1131b4b]: Assigning socketPath: /tmp/fire_emu_48881.sock {"metadata":{"emulator":{"name":"functions"},"message":"[worker-~diagnostic~-2bc978b0-d389-4374-a2d3-e311f1131b4b]: Assigning socketPath: /tmp/fire_emu_48881.sock"}}
[debug] [2021-08-04T17:36:36.663Z] [worker-~diagnostic~-2bc978b0-d389-4374-a2d3-e311f1131b4b]: BUSY {"metadata":{"emulator":{"name":"functions"},"message":"[worker-~diagnostic~-2bc978b0-d389-4374-a2d3-e311f1131b4b]: BUSY"}}
[debug] [2021-08-04T17:36:36.774Z] >>> [apiv2][query] POST http://localhost:5001/functions/projects/convo-0/trigger_multicast [none]
[debug] [2021-08-04T17:36:36.774Z] >>> [apiv2][body] POST http://localhost:5001/functions/projects/convo-0/trigger_multicast {"eventId":"9c6ade4d-535f-4a7c-9e78-a01d12352471","eventType":"providers/firebase.auth/eventTypes/user.create","resource":{"name":"projects/convo-0","service":"firebaseauth.googleapis.com"},"params":{},"timestamp":"2021-08-04T17:36:36.774Z","data":{"uid":"pj6q7ykQQEwG5WHtYaSJCQN24mQO","email":"drewh@drewh.net","emailVerified":false,"metadata":{"creationTime":"1628098596773","lastSignInTime":"1628098596773"},"customClaims":{},"providerData":[{"providerId":"password","email":"drewh@drewh.net","federatedId":"drewh@drewh.net","rawId":"drewh@drewh.net"}]}}
[debug] [2021-08-04T17:36:36.783Z] <<< [apiv2][status] POST http://localhost:5001/functions/projects/convo-0/trigger_multicast 200
[debug] [2021-08-04T17:36:36.783Z] <<< [apiv2][body] POST http://localhost:5001/functions/projects/convo-0/trigger_multicast {"status":"multicast_acknowledged"}
[debug] [2021-08-04T17:36:36.820Z] [runtime-status] [48881] Functions runtime initialized. {"cwd":"/home/drew/Programs/convo/functions","node_version":"14.17.0"} {"metadata":{"emulator":{"name":"functions"},"message":"[runtime-status] [48881] Functions runtime initialized. {\"cwd\":\"/home/drew/Programs/convo/functions\",\"node_version\":\"14.17.0\"}"}}
[debug] [2021-08-04T17:36:36.821Z] [runtime-status] [48881] Disabled runtime features: undefined {"metadata":{"emulator":{"name":"functions"},"message":"[runtime-status] [48881] Disabled runtime features: undefined"}}
[debug] [2021-08-04T17:36:36.825Z] [runtime-status] [48881] Resolved module firebase-admin {"declared":true,"installed":true,"version":"9.9.0","resolution":"/home/drew/Programs/convo/functions/node_modules/firebase-admin/lib/index.js"} {"metadata":{"emulator":{"name":"functions"},"message":"[runtime-status] [48881] Resolved module firebase-admin {\"declared\":true,\"installed\":true,\"version\":\"9.9.0\",\"resolution\":\"/home/drew/Programs/convo/functions/node_modules/firebase-admin/lib/index.js\"}"}}
[debug] [2021-08-04T17:36:36.827Z] [runtime-status] [48881] Resolved module firebase-functions {"declared":true,"installed":true,"version":"3.14.1","resolution":"/home/drew/Programs/convo/functions/node_modules/firebase-functions/lib/index.js"} {"metadata":{"emulator":{"name":"functions"},"message":"[runtime-status] [48881] Resolved module firebase-functions {\"declared\":true,\"installed\":true,\"version\":\"3.14.1\",\"resolution\":\"/home/drew/Programs/convo/functions/node_modules/firebase-functions/lib/index.js\"}"}}
[debug] [2021-08-04T17:36:36.831Z] [runtime-status] [48881] Resolved module firebase-functions {"declared":true,"installed":true,"version":"3.14.1","resolution":"/home/drew/Programs/convo/functions/node_modules/firebase-functions/lib/index.js"} {"metadata":{"emulator":{"name":"functions"},"message":"[runtime-status] [48881] Resolved module firebase-functions {\"declared\":true,\"installed\":true,\"version\":\"3.14.1\",\"resolution\":\"/home/drew/Programs/convo/functions/node_modules/firebase-functions/lib/index.js\"}"}}
[debug] [2021-08-04T17:36:36.833Z] [runtime-status] [48881] Outgoing network have been stubbed. [{"name":"http","status":"mocked"},{"name":"http","status":"mocked"},{"name":"https","status":"mocked"},{"name":"https","status":"mocked"},{"name":"net","status":"mocked"}] {"metadata":{"emulator":{"name":"functions"},"message":"[runtime-status] [48881] Outgoing network have been stubbed. [{\"name\":\"http\",\"status\":\"mocked\"},{\"name\":\"http\",\"status\":\"mocked\"},{\"name\":\"https\",\"status\":\"mocked\"},{\"name\":\"https\",\"status\":\"mocked\"},{\"name\":\"net\",\"status\":\"mocked\"}]"}}
[debug] [2021-08-04T17:36:36.833Z] [runtime-status] [48881] Resolved module firebase-functions {"declared":true,"installed":true,"version":"3.14.1","resolution":"/home/drew/Programs/convo/functions/node_modules/firebase-functions/lib/index.js"} {"metadata":{"emulator":{"name":"functions"},"message":"[runtime-status] [48881] Resolved module firebase-functions {\"declared\":true,\"installed\":true,\"version\":\"3.14.1\",\"resolution\":\"/home/drew/Programs/convo/functions/node_modules/firebase-functions/lib/index.js\"}"}}
[debug] [2021-08-04T17:36:36.896Z] [runtime-status] [48881] Checked functions.config() {"config":{}} {"metadata":{"emulator":{"name":"functions"},"message":"[runtime-status] [48881] Checked functions.config() {\"config\":{}}"}}
[debug] [2021-08-04T17:36:36.896Z] [runtime-status] [48881] firebase-functions has been stubbed. {"functionsResolution":{"declared":true,"installed":true,"version":"3.14.1","resolution":"/home/drew/Programs/convo/functions/node_modules/firebase-functions/lib/index.js"}} {"metadata":{"emulator":{"name":"functions"},"message":"[runtime-status] [48881] firebase-functions has been stubbed. {\"functionsResolution\":{\"declared\":true,\"installed\":true,\"version\":\"3.14.1\",\"resolution\":\"/home/drew/Programs/convo/functions/node_modules/firebase-functions/lib/index.js\"}}"}}
[debug] [2021-08-04T17:36:36.897Z] [runtime-status] [48881] Resolved module firebase-functions {"declared":true,"installed":true,"version":"3.14.1","resolution":"/home/drew/Programs/convo/functions/node_modules/firebase-functions/lib/index.js"} {"metadata":{"emulator":{"name":"functions"},"message":"[runtime-status] [48881] Resolved module firebase-functions {\"declared\":true,\"installed\":true,\"version\":\"3.14.1\",\"resolution\":\"/home/drew/Programs/convo/functions/node_modules/firebase-functions/lib/index.js\"}"}}
[debug] [2021-08-04T17:36:36.897Z] [runtime-status] [48881] Resolved module firebase-admin {"declared":true,"installed":true,"version":"9.9.0","resolution":"/home/drew/Programs/convo/functions/node_modules/firebase-admin/lib/index.js"} {"metadata":{"emulator":{"name":"functions"},"message":"[runtime-status] [48881] Resolved module firebase-admin {\"declared\":true,\"installed\":true,\"version\":\"9.9.0\",\"resolution\":\"/home/drew/Programs/convo/functions/node_modules/firebase-admin/lib/index.js\"}"}}
[debug] [2021-08-04T17:36:36.897Z] [runtime-status] [48881] Resolved module firebase-functions {"declared":true,"installed":true,"version":"3.14.1","resolution":"/home/drew/Programs/convo/functions/node_modules/firebase-functions/lib/index.js"} {"metadata":{"emulator":{"name":"functions"},"message":"[runtime-status] [48881] Resolved module firebase-functions {\"declared\":true,\"installed\":true,\"version\":\"3.14.1\",\"resolution\":\"/home/drew/Programs/convo/functions/node_modules/firebase-functions/lib/index.js\"}"}}
[debug] [2021-08-04T17:36:36.897Z] [runtime-status] [48881] firebase-admin has been stubbed. {"adminResolution":{"declared":true,"installed":true,"version":"9.9.0","resolution":"/home/drew/Programs/convo/functions/node_modules/firebase-admin/lib/index.js"}} {"metadata":{"emulator":{"name":"functions"},"message":"[runtime-status] [48881] firebase-admin has been stubbed. {\"adminResolution\":{\"declared\":true,\"installed\":true,\"version\":\"9.9.0\",\"resolution\":\"/home/drew/Programs/convo/functions/node_modules/firebase-admin/lib/index.js\"}}"}}
[info] 
┌─────────────────────────────────────────────────────────────┐
│ ✔  All emulators ready! It is now safe to connect your app. │
│ i  View Emulator UI at http://localhost:4000                │
└─────────────────────────────────────────────────────────────┘

┌────────────────┬────────────────┬─────────────────────────────────┐
│ Emulator       │ Host:Port      │ View in Emulator UI             │
├────────────────┼────────────────┼─────────────────────────────────┤
│ Authentication │ localhost:9099 │ http://localhost:4000/auth      │
├────────────────┼────────────────┼─────────────────────────────────┤
│ Functions      │ localhost:5001 │ http://localhost:4000/functions │
├────────────────┼────────────────┼─────────────────────────────────┤
│ Firestore      │ localhost:8080 │ http://localhost:4000/firestore │
├────────────────┼────────────────┼─────────────────────────────────┤
│ Hosting        │ localhost:5000 │ n/a                             │
└────────────────┴────────────────┴─────────────────────────────────┘
  Emulator Hub running at localhost:4400
  Other reserved ports: 4500

Issues? Report them at https://github.com/firebase/firebase-tools/issues and attach the *-debug.log files.
 
[debug] [2021-08-04T17:36:36.902Z] [worker-~diagnostic~-2bc978b0-d389-4374-a2d3-e311f1131b4b]: IDLE {"metadata":{"emulator":{"name":"functions"},"message":"[worker-~diagnostic~-2bc978b0-d389-4374-a2d3-e311f1131b4b]: IDLE"}}
[debug] [2021-08-04T17:36:36.905Z] Aug 04, 2021 12:36:36 PM io.gapi.emulators.netty.HttpVersionRoutingHandler channelRead
INFO: Detected non-HTTP/2 connection.
 {"metadata":{"emulator":{"name":"firestore"},"message":"Aug 04, 2021 12:36:36 PM io.gapi.emulators.netty.HttpVersionRoutingHandler channelRead\nINFO: Detected non-HTTP/2 connection.\n"}}
[debug] [2021-08-04T17:36:37.014Z] Aug 04, 2021 12:36:37 PM io.gapi.emulators.netty.HttpVersionRoutingHandler channelRead
INFO: Detected non-HTTP/2 connection.
 {"metadata":{"emulator":{"name":"firestore"},"message":"Aug 04, 2021 12:36:37 PM io.gapi.emulators.netty.HttpVersionRoutingHandler channelRead\nINFO: Detected non-HTTP/2 connection.\n"}}
[debug] [2021-08-04T17:36:37.022Z] Aug 04, 2021 12:36:37 PM io.gapi.emulators.netty.HttpVersionRoutingHandler channelRead
INFO: Detected non-HTTP/2 connection.
 {"metadata":{"emulator":{"name":"firestore"},"message":"Aug 04, 2021 12:36:37 PM io.gapi.emulators.netty.HttpVersionRoutingHandler channelRead\nINFO: Detected non-HTTP/2 connection.\n"}}
[debug] [2021-08-04T17:36:37.445Z] Aug 04, 2021 12:36:37 PM com.google.cloud.datastore.emulator.firestore.websocket.WebSocketChannelHandler initChannel
INFO: Connected to new websocket client
 {"metadata":{"emulator":{"name":"firestore"},"message":"Aug 04, 2021 12:36:37 PM com.google.cloud.datastore.emulator.firestore.websocket.WebSocketChannelHandler initChannel\nINFO: Connected to new websocket client\n"}}
[debug] [2021-08-04T17:36:38.014Z] Aug 04, 2021 12:36:38 PM io.gapi.emulators.netty.HttpVersionRoutingHandler channelRead
INFO: Detected non-HTTP/2 connection.
 {"metadata":{"emulator":{"name":"firestore"},"message":"Aug 04, 2021 12:36:38 PM io.gapi.emulators.netty.HttpVersionRoutingHandler channelRead\nINFO: Detected non-HTTP/2 connection.\n"}}
[debug] [2021-08-04T17:36:38.091Z] Aug 04, 2021 12:36:38 PM io.gapi.emulators.netty.HttpVersionRoutingHandler channelRead
INFO: Detected non-HTTP/2 connection.
 {"metadata":{"emulator":{"name":"firestore"},"message":"Aug 04, 2021 12:36:38 PM io.gapi.emulators.netty.HttpVersionRoutingHandler channelRead\nINFO: Detected non-HTTP/2 connection.\n"}}
[debug] [2021-08-04T17:36:38.102Z] Aug 04, 2021 12:36:38 PM io.gapi.emulators.netty.HttpVersionRoutingHandler channelRead
INFO: Detected non-HTTP/2 connection.
 {"metadata":{"emulator":{"name":"firestore"},"message":"Aug 04, 2021 12:36:38 PM io.gapi.emulators.netty.HttpVersionRoutingHandler channelRead\nINFO: Detected non-HTTP/2 connection.\n"}}
[debug] [2021-08-04T17:36:38.111Z] Aug 04, 2021 12:36:38 PM io.gapi.emulators.netty.HttpVersionRoutingHandler channelRead
INFO: Detected non-HTTP/2 connection.
 {"metadata":{"emulator":{"name":"firestore"},"message":"Aug 04, 2021 12:36:38 PM io.gapi.emulators.netty.HttpVersionRoutingHandler channelRead\nINFO: Detected non-HTTP/2 connection.\n"}}
[debug] [2021-08-04T17:36:38.471Z] Aug 04, 2021 12:36:38 PM io.gapi.emulators.netty.HttpVersionRoutingHandler channelRead
INFO: Detected non-HTTP/2 connection.
 {"metadata":{"emulator":{"name":"firestore"},"message":"Aug 04, 2021 12:36:38 PM io.gapi.emulators.netty.HttpVersionRoutingHandler channelRead\nINFO: Detected non-HTTP/2 connection.\n"}}
[debug] [2021-08-04T17:36:38.483Z] Aug 04, 2021 12:36:38 PM io.gapi.emulators.netty.HttpVersionRoutingHandler channelRead
INFO: Detected HTTP/2 connection.
 {"metadata":{"emulator":{"name":"firestore"},"message":"Aug 04, 2021 12:36:38 PM io.gapi.emulators.netty.HttpVersionRoutingHandler channelRead\nINFO: Detected HTTP/2 connection.\n"}}
[debug] [2021-08-04T17:36:38.553Z] Aug 04, 2021 12:36:38 PM io.gapi.emulators.netty.HttpVersionRoutingHandler channelRead
INFO: Detected non-HTTP/2 connection.
 {"metadata":{"emulator":{"name":"firestore"},"message":"Aug 04, 2021 12:36:38 PM io.gapi.emulators.netty.HttpVersionRoutingHandler channelRead\nINFO: Detected non-HTTP/2 connection.\n"}}
[debug] [2021-08-04T17:36:38.742Z] Aug 04, 2021 12:36:38 PM io.gapi.emulators.netty.HttpVersionRoutingHandler channelRead
INFO: Detected non-HTTP/2 connection.
 {"metadata":{"emulator":{"name":"firestore"},"message":"Aug 04, 2021 12:36:38 PM io.gapi.emulators.netty.HttpVersionRoutingHandler channelRead\nINFO: Detected non-HTTP/2 connection.\n"}}
[debug] [2021-08-04T17:36:38.876Z] Aug 04, 2021 12:36:38 PM io.gapi.emulators.netty.HttpVersionRoutingHandler channelRead
INFO: Detected non-HTTP/2 connection.
 {"metadata":{"emulator":{"name":"firestore"},"message":"Aug 04, 2021 12:36:38 PM io.gapi.emulators.netty.HttpVersionRoutingHandler channelRead\nINFO: Detected non-HTTP/2 connection.\n"}}
[debug] [2021-08-04T17:36:39.124Z] Aug 04, 2021 12:36:39 PM io.gapi.emulators.netty.HttpVersionRoutingHandler channelRead
INFO: Detected non-HTTP/2 connection.
 {"metadata":{"emulator":{"name":"firestore"},"message":"Aug 04, 2021 12:36:39 PM io.gapi.emulators.netty.HttpVersionRoutingHandler channelRead\nINFO: Detected non-HTTP/2 connection.\n"}}
[debug] [2021-08-04T17:36:39.142Z] Aug 04, 2021 12:36:39 PM io.gapi.emulators.netty.HttpVersionRoutingHandler channelRead
INFO: Detected non-HTTP/2 connection.
 {"metadata":{"emulator":{"name":"firestore"},"message":"Aug 04, 2021 12:36:39 PM io.gapi.emulators.netty.HttpVersionRoutingHandler channelRead\nINFO: Detected non-HTTP/2 connection.\n"}}
[debug] [2021-08-04T17:36:39.315Z] Aug 04, 2021 12:36:39 PM io.gapi.emulators.netty.HttpVersionRoutingHandler channelRead
INFO: Detected non-HTTP/2 connection.
 {"metadata":{"emulator":{"name":"firestore"},"message":"Aug 04, 2021 12:36:39 PM io.gapi.emulators.netty.HttpVersionRoutingHandler channelRead\nINFO: Detected non-HTTP/2 connection.\n"}}
[debug] [2021-08-04T17:36:40.511Z] Aug 04, 2021 12:36:40 PM io.gapi.emulators.netty.HttpVersionRoutingHandler channelRead
INFO: Detected non-HTTP/2 connection.
 {"metadata":{"emulator":{"name":"firestore"},"message":"Aug 04, 2021 12:36:40 PM io.gapi.emulators.netty.HttpVersionRoutingHandler channelRead\nINFO: Detected non-HTTP/2 connection.\n"}}
[debug] [2021-08-04T17:36:40.640Z] Aug 04, 2021 12:36:40 PM io.gapi.emulators.netty.HttpVersionRoutingHandler channelRead
INFO: Detected non-HTTP/2 connection.
 {"metadata":{"emulator":{"name":"firestore"},"message":"Aug 04, 2021 12:36:40 PM io.gapi.emulators.netty.HttpVersionRoutingHandler channelRead\nINFO: Detected non-HTTP/2 connection.\n"}}
[debug] [2021-08-04T17:36:40.689Z] Aug 04, 2021 12:36:40 PM io.gapi.emulators.netty.HttpVersionRoutingHandler channelRead
INFO: Detected non-HTTP/2 connection.
 {"metadata":{"emulator":{"name":"firestore"},"message":"Aug 04, 2021 12:36:40 PM io.gapi.emulators.netty.HttpVersionRoutingHandler channelRead\nINFO: Detected non-HTTP/2 connection.\n"}}
[debug] [2021-08-04T17:36:42.318Z] Aug 04, 2021 12:36:42 PM io.gapi.emulators.netty.HttpVersionRoutingHandler channelRead
INFO: Detected non-HTTP/2 connection.
 {"metadata":{"emulator":{"name":"firestore"},"message":"Aug 04, 2021 12:36:42 PM io.gapi.emulators.netty.HttpVersionRoutingHandler channelRead\nINFO: Detected non-HTTP/2 connection.\n"}}
[debug] [2021-08-04T17:36:48.040Z] Aug 04, 2021 12:36:48 PM io.gapi.emulators.netty.HttpVersionRoutingHandler channelRead
INFO: Detected non-HTTP/2 connection.
 {"metadata":{"emulator":{"name":"firestore"},"message":"Aug 04, 2021 12:36:48 PM io.gapi.emulators.netty.HttpVersionRoutingHandler channelRead\nINFO: Detected non-HTTP/2 connection.\n"}}
[debug] [2021-08-04T17:36:55.761Z] Aug 04, 2021 12:36:55 PM io.gapi.emulators.netty.HttpVersionRoutingHandler channelRead
INFO: Detected non-HTTP/2 connection.
 {"metadata":{"emulator":{"name":"firestore"},"message":"Aug 04, 2021 12:36:55 PM io.gapi.emulators.netty.HttpVersionRoutingHandler channelRead\nINFO: Detected non-HTTP/2 connection.\n"}}
[debug] [2021-08-04T17:36:55.863Z] Aug 04, 2021 12:36:55 PM io.gapi.emulators.netty.HttpVersionRoutingHandler channelRead
INFO: Detected non-HTTP/2 connection.
 {"metadata":{"emulator":{"name":"firestore"},"message":"Aug 04, 2021 12:36:55 PM io.gapi.emulators.netty.HttpVersionRoutingHandler channelRead\nINFO: Detected non-HTTP/2 connection.\n"}}
[debug] [2021-08-04T17:36:55.883Z] Aug 04, 2021 12:36:55 PM io.gapi.emulators.netty.HttpVersionRoutingHandler channelRead
INFO: Detected non-HTTP/2 connection.
 {"metadata":{"emulator":{"name":"firestore"},"message":"Aug 04, 2021 12:36:55 PM io.gapi.emulators.netty.HttpVersionRoutingHandler channelRead\nINFO: Detected non-HTTP/2 connection.\n"}}
[debug] [2021-08-04T17:37:43.930Z] Aug 04, 2021 12:37:43 PM io.gapi.emulators.netty.HttpVersionRoutingHandler channelRead
INFO: Detected non-HTTP/2 connection.
 {"metadata":{"emulator":{"name":"firestore"},"message":"Aug 04, 2021 12:37:43 PM io.gapi.emulators.netty.HttpVersionRoutingHandler channelRead\nINFO: Detected non-HTTP/2 connection.\n"}}
[debug] [2021-08-04T17:37:43.939Z] Aug 04, 2021 12:37:43 PM io.gapi.emulators.netty.HttpVersionRoutingHandler channelRead
INFO: Detected non-HTTP/2 connection.
 {"metadata":{"emulator":{"name":"firestore"},"message":"Aug 04, 2021 12:37:43 PM io.gapi.emulators.netty.HttpVersionRoutingHandler channelRead\nINFO: Detected non-HTTP/2 connection.\n"}}
[debug] [2021-08-04T17:37:56.968Z] Aug 04, 2021 12:37:56 PM io.gapi.emulators.netty.HttpVersionRoutingHandler channelRead
INFO: Detected non-HTTP/2 connection.
 {"metadata":{"emulator":{"name":"firestore"},"message":"Aug 04, 2021 12:37:56 PM io.gapi.emulators.netty.HttpVersionRoutingHandler channelRead\nINFO: Detected non-HTTP/2 connection.\n"}}
[debug] [2021-08-04T17:37:56.982Z] Aug 04, 2021 12:37:56 PM com.google.cloud.datastore.emulator.firestore.webchannel.FirestoreV1WebChannelAdapter$FirestoreWriteHandler onClose
INFO: channel closed
 {"metadata":{"emulator":{"name":"firestore"},"message":"Aug 04, 2021 12:37:56 PM com.google.cloud.datastore.emulator.firestore.webchannel.FirestoreV1WebChannelAdapter$FirestoreWriteHandler onClose\nINFO: channel closed\n"}}
[debug] [2021-08-04T17:38:04.170Z] Aug 04, 2021 12:38:04 PM io.gapi.emulators.netty.HttpVersionRoutingHandler channelRead
INFO: Detected non-HTTP/2 connection.
 {"metadata":{"emulator":{"name":"firestore"},"message":"Aug 04, 2021 12:38:04 PM io.gapi.emulators.netty.HttpVersionRoutingHandler channelRead\nINFO: Detected non-HTTP/2 connection.\n"}}
[debug] [2021-08-04T17:38:30.419Z] Aug 04, 2021 12:38:30 PM io.gapi.emulators.netty.HttpVersionRoutingHandler channelRead
INFO: Detected non-HTTP/2 connection.
 {"metadata":{"emulator":{"name":"firestore"},"message":"Aug 04, 2021 12:38:30 PM io.gapi.emulators.netty.HttpVersionRoutingHandler channelRead\nINFO: Detected non-HTTP/2 connection.\n"}}
[debug] [2021-08-04T17:38:30.432Z] Aug 04, 2021 12:38:30 PM io.gapi.emulators.netty.HttpVersionRoutingHandler channelRead
INFO: Detected non-HTTP/2 connection.
 {"metadata":{"emulator":{"name":"firestore"},"message":"Aug 04, 2021 12:38:30 PM io.gapi.emulators.netty.HttpVersionRoutingHandler channelRead\nINFO: Detected non-HTTP/2 connection.\n"}}
[debug] [2021-08-04T17:38:30.492Z] Aug 04, 2021 12:38:30 PM io.gapi.emulators.netty.HttpVersionRoutingHandler channelRead
INFO: Detected non-HTTP/2 connection.
 {"metadata":{"emulator":{"name":"firestore"},"message":"Aug 04, 2021 12:38:30 PM io.gapi.emulators.netty.HttpVersionRoutingHandler channelRead\nINFO: Detected non-HTTP/2 connection.\n"}}
[debug] [2021-08-04T17:38:30.494Z] Aug 04, 2021 12:38:30 PM io.gapi.emulators.netty.HttpVersionRoutingHandler channelRead
INFO: Detected non-HTTP/2 connection.
 {"metadata":{"emulator":{"name":"firestore"},"message":"Aug 04, 2021 12:38:30 PM io.gapi.emulators.netty.HttpVersionRoutingHandler channelRead\nINFO: Detected non-HTTP/2 connection.\n"}}
[debug] [2021-08-04T17:38:34.266Z] Aug 04, 2021 12:38:34 PM io.gapi.emulators.netty.HttpVersionRoutingHandler channelRead
INFO: Detected non-HTTP/2 connection.
 {"metadata":{"emulator":{"name":"firestore"},"message":"Aug 04, 2021 12:38:34 PM io.gapi.emulators.netty.HttpVersionRoutingHandler channelRead\nINFO: Detected non-HTTP/2 connection.\n"}}
[debug] [2021-08-04T17:38:34.884Z] Aug 04, 2021 12:38:34 PM io.gapi.emulators.netty.HttpVersionRoutingHandler channelRead
INFO: Detected non-HTTP/2 connection.
 {"metadata":{"emulator":{"name":"firestore"},"message":"Aug 04, 2021 12:38:34 PM io.gapi.emulators.netty.HttpVersionRoutingHandler channelRead\nINFO: Detected non-HTTP/2 connection.\n"}}
[debug] [2021-08-04T17:38:36.364Z] Aug 04, 2021 12:38:36 PM io.gapi.emulators.netty.HttpVersionRoutingHandler channelRead
INFO: Detected non-HTTP/2 connection.
 {"metadata":{"emulator":{"name":"firestore"},"message":"Aug 04, 2021 12:38:36 PM io.gapi.emulators.netty.HttpVersionRoutingHandler channelRead\nINFO: Detected non-HTTP/2 connection.\n"}}
[debug] [2021-08-04T17:38:38.416Z] Aug 04, 2021 12:38:38 PM io.gapi.emulators.netty.HttpVersionRoutingHandler channelRead
INFO: Detected non-HTTP/2 connection.
 {"metadata":{"emulator":{"name":"firestore"},"message":"Aug 04, 2021 12:38:38 PM io.gapi.emulators.netty.HttpVersionRoutingHandler channelRead\nINFO: Detected non-HTTP/2 connection.\n"}}
[debug] [2021-08-04T17:38:40.476Z] Aug 04, 2021 12:38:40 PM io.gapi.emulators.netty.HttpVersionRoutingHandler channelRead
INFO: Detected non-HTTP/2 connection.
 {"metadata":{"emulator":{"name":"firestore"},"message":"Aug 04, 2021 12:38:40 PM io.gapi.emulators.netty.HttpVersionRoutingHandler channelRead\nINFO: Detected non-HTTP/2 connection.\n"}}
[debug] [2021-08-04T17:38:42.631Z] Aug 04, 2021 12:38:42 PM io.gapi.emulators.netty.HttpVersionRoutingHandler channelRead
INFO: Detected non-HTTP/2 connection.
 {"metadata":{"emulator":{"name":"firestore"},"message":"Aug 04, 2021 12:38:42 PM io.gapi.emulators.netty.HttpVersionRoutingHandler channelRead\nINFO: Detected non-HTTP/2 connection.\n"}}
[debug] [2021-08-04T17:38:43.972Z] Aug 04, 2021 12:38:43 PM io.gapi.emulators.netty.HttpVersionRoutingHandler channelRead
INFO: Detected non-HTTP/2 connection.
 {"metadata":{"emulator":{"name":"firestore"},"message":"Aug 04, 2021 12:38:43 PM io.gapi.emulators.netty.HttpVersionRoutingHandler channelRead\nINFO: Detected non-HTTP/2 connection.\n"}}
[debug] [2021-08-04T17:38:44.226Z] Aug 04, 2021 12:38:44 PM io.gapi.emulators.netty.HttpVersionRoutingHandler channelRead
INFO: Detected non-HTTP/2 connection.
 {"metadata":{"emulator":{"name":"firestore"},"message":"Aug 04, 2021 12:38:44 PM io.gapi.emulators.netty.HttpVersionRoutingHandler channelRead\nINFO: Detected non-HTTP/2 connection.\n"}}
[debug] [2021-08-04T17:38:44.236Z] Aug 04, 2021 12:38:44 PM io.gapi.emulators.netty.HttpVersionRoutingHandler channelRead
INFO: Detected non-HTTP/2 connection.
 {"metadata":{"emulator":{"name":"firestore"},"message":"Aug 04, 2021 12:38:44 PM io.gapi.emulators.netty.HttpVersionRoutingHandler channelRead\nINFO: Detected non-HTTP/2 connection.\n"}}
[debug] [2021-08-04T17:38:44.244Z] Aug 04, 2021 12:38:44 PM io.gapi.emulators.netty.HttpVersionRoutingHandler channelRead
INFO: Detected non-HTTP/2 connection.
 {"metadata":{"emulator":{"name":"firestore"},"message":"Aug 04, 2021 12:38:44 PM io.gapi.emulators.netty.HttpVersionRoutingHandler channelRead\nINFO: Detected non-HTTP/2 connection.\n"}}
[debug] [2021-08-04T17:38:44.734Z] Aug 04, 2021 12:38:44 PM io.gapi.emulators.netty.HttpVersionRoutingHandler channelRead
INFO: Detected non-HTTP/2 connection.
 {"metadata":{"emulator":{"name":"firestore"},"message":"Aug 04, 2021 12:38:44 PM io.gapi.emulators.netty.HttpVersionRoutingHandler channelRead\nINFO: Detected non-HTTP/2 connection.\n"}}
[debug] [2021-08-04T17:38:46.742Z] Aug 04, 2021 12:38:46 PM io.gapi.emulators.netty.HttpVersionRoutingHandler channelRead
INFO: Detected non-HTTP/2 connection.
 {"metadata":{"emulator":{"name":"firestore"},"message":"Aug 04, 2021 12:38:46 PM io.gapi.emulators.netty.HttpVersionRoutingHandler channelRead\nINFO: Detected non-HTTP/2 connection.\n"}}
[debug] [2021-08-04T17:38:47.156Z] Aug 04, 2021 12:38:47 PM io.gapi.emulators.netty.HttpVersionRoutingHandler channelRead
INFO: Detected non-HTTP/2 connection.
 {"metadata":{"emulator":{"name":"firestore"},"message":"Aug 04, 2021 12:38:47 PM io.gapi.emulators.netty.HttpVersionRoutingHandler channelRead\nINFO: Detected non-HTTP/2 connection.\n"}}
[debug] [2021-08-04T17:38:47.271Z] Aug 04, 2021 12:38:47 PM io.gapi.emulators.netty.HttpVersionRoutingHandler channelRead
INFO: Detected non-HTTP/2 connection.
 {"metadata":{"emulator":{"name":"firestore"},"message":"Aug 04, 2021 12:38:47 PM io.gapi.emulators.netty.HttpVersionRoutingHandler channelRead\nINFO: Detected non-HTTP/2 connection.\n"}}
[debug] [2021-08-04T17:38:47.323Z] Aug 04, 2021 12:38:47 PM io.gapi.emulators.netty.HttpVersionRoutingHandler channelRead
INFO: Detected non-HTTP/2 connection.
 {"metadata":{"emulator":{"name":"firestore"},"message":"Aug 04, 2021 12:38:47 PM io.gapi.emulators.netty.HttpVersionRoutingHandler channelRead\nINFO: Detected non-HTTP/2 connection.\n"}}
[debug] [2021-08-04T17:38:56.231Z] Aug 04, 2021 12:38:56 PM io.gapi.emulators.netty.HttpVersionRoutingHandler channelRead
INFO: Detected non-HTTP/2 connection.
 {"metadata":{"emulator":{"name":"firestore"},"message":"Aug 04, 2021 12:38:56 PM io.gapi.emulators.netty.HttpVersionRoutingHandler channelRead\nINFO: Detected non-HTTP/2 connection.\n"}}
[debug] [2021-08-04T17:38:58.859Z] Aug 04, 2021 12:38:58 PM io.gapi.emulators.netty.HttpVersionRoutingHandler channelRead
INFO: Detected non-HTTP/2 connection.
 {"metadata":{"emulator":{"name":"firestore"},"message":"Aug 04, 2021 12:38:58 PM io.gapi.emulators.netty.HttpVersionRoutingHandler channelRead\nINFO: Detected non-HTTP/2 connection.\n"}}
[debug] [2021-08-04T17:38:59.166Z] Aug 04, 2021 12:38:59 PM io.gapi.emulators.netty.HttpVersionRoutingHandler channelRead
INFO: Detected non-HTTP/2 connection.
 {"metadata":{"emulator":{"name":"firestore"},"message":"Aug 04, 2021 12:38:59 PM io.gapi.emulators.netty.HttpVersionRoutingHandler channelRead\nINFO: Detected non-HTTP/2 connection.\n"}}
[debug] [2021-08-04T17:38:59.200Z] Aug 04, 2021 12:38:59 PM io.gapi.emulators.netty.HttpVersionRoutingHandler channelRead
INFO: Detected non-HTTP/2 connection.
 {"metadata":{"emulator":{"name":"firestore"},"message":"Aug 04, 2021 12:38:59 PM io.gapi.emulators.netty.HttpVersionRoutingHandler channelRead\nINFO: Detected non-HTTP/2 connection.\n"}}
[debug] [2021-08-04T17:39:00.408Z] Aug 04, 2021 12:39:00 PM io.gapi.emulators.netty.HttpVersionRoutingHandler channelRead
INFO: Detected non-HTTP/2 connection.
 {"metadata":{"emulator":{"name":"firestore"},"message":"Aug 04, 2021 12:39:00 PM io.gapi.emulators.netty.HttpVersionRoutingHandler channelRead\nINFO: Detected non-HTTP/2 connection.\n"}}
[debug] [2021-08-04T17:39:00.939Z] Aug 04, 2021 12:39:00 PM io.gapi.emulators.netty.HttpVersionRoutingHandler channelRead
INFO: Detected non-HTTP/2 connection.
 {"metadata":{"emulator":{"name":"firestore"},"message":"Aug 04, 2021 12:39:00 PM io.gapi.emulators.netty.HttpVersionRoutingHandler channelRead\nINFO: Detected non-HTTP/2 connection.\n"}}
[debug] [2021-08-04T17:39:03.031Z] Aug 04, 2021 12:39:03 PM io.gapi.emulators.netty.HttpVersionRoutingHandler channelRead
INFO: Detected non-HTTP/2 connection.
 {"metadata":{"emulator":{"name":"firestore"},"message":"Aug 04, 2021 12:39:03 PM io.gapi.emulators.netty.HttpVersionRoutingHandler channelRead\nINFO: Detected non-HTTP/2 connection.\n"}}
[debug] [2021-08-04T17:39:05.083Z] Aug 04, 2021 12:39:05 PM io.gapi.emulators.netty.HttpVersionRoutingHandler channelRead
INFO: Detected non-HTTP/2 connection.
 {"metadata":{"emulator":{"name":"firestore"},"message":"Aug 04, 2021 12:39:05 PM io.gapi.emulators.netty.HttpVersionRoutingHandler channelRead\nINFO: Detected non-HTTP/2 connection.\n"}}
[debug] [2021-08-04T17:39:07.036Z] Aug 04, 2021 12:39:07 PM io.gapi.emulators.netty.HttpVersionRoutingHandler channelRead
INFO: Detected non-HTTP/2 connection.
 {"metadata":{"emulator":{"name":"firestore"},"message":"Aug 04, 2021 12:39:07 PM io.gapi.emulators.netty.HttpVersionRoutingHandler channelRead\nINFO: Detected non-HTTP/2 connection.\n"}}
[debug] [2021-08-04T17:39:07.385Z] Aug 04, 2021 12:39:07 PM io.gapi.emulators.netty.HttpVersionRoutingHandler channelRead
INFO: Detected non-HTTP/2 connection.
 {"metadata":{"emulator":{"name":"firestore"},"message":"Aug 04, 2021 12:39:07 PM io.gapi.emulators.netty.HttpVersionRoutingHandler channelRead\nINFO: Detected non-HTTP/2 connection.\n"}}
[debug] [2021-08-04T17:39:14.449Z] Aug 04, 2021 12:39:14 PM io.gapi.emulators.netty.HttpVersionRoutingHandler channelRead
INFO: Detected non-HTTP/2 connection.
 {"metadata":{"emulator":{"name":"firestore"},"message":"Aug 04, 2021 12:39:14 PM io.gapi.emulators.netty.HttpVersionRoutingHandler channelRead\nINFO: Detected non-HTTP/2 connection.\n"}}
[debug] [2021-08-04T17:39:37.146Z] Aug 04, 2021 12:39:37 PM io.gapi.emulators.netty.HttpVersionRoutingHandler channelRead
INFO: Detected non-HTTP/2 connection.
 {"metadata":{"emulator":{"name":"firestore"},"message":"Aug 04, 2021 12:39:37 PM io.gapi.emulators.netty.HttpVersionRoutingHandler channelRead\nINFO: Detected non-HTTP/2 connection.\n"}}
[debug] [2021-08-04T17:39:44.532Z] Aug 04, 2021 12:39:44 PM io.gapi.emulators.netty.HttpVersionRoutingHandler channelRead
INFO: Detected non-HTTP/2 connection.
 {"metadata":{"emulator":{"name":"firestore"},"message":"Aug 04, 2021 12:39:44 PM io.gapi.emulators.netty.HttpVersionRoutingHandler channelRead\nINFO: Detected non-HTTP/2 connection.\n"}}
[debug] [2021-08-04T17:40:08.264Z] Aug 04, 2021 12:40:08 PM io.gapi.emulators.netty.HttpVersionRoutingHandler channelRead
INFO: Detected non-HTTP/2 connection.
 {"metadata":{"emulator":{"name":"firestore"},"message":"Aug 04, 2021 12:40:08 PM io.gapi.emulators.netty.HttpVersionRoutingHandler channelRead\nINFO: Detected non-HTTP/2 connection.\n"}}
[debug] [2021-08-04T17:40:08.269Z] Aug 04, 2021 12:40:08 PM com.google.cloud.datastore.emulator.firestore.webchannel.FirestoreV1WebChannelAdapter$FirestoreWriteHandler onClose
INFO: channel closed
 {"metadata":{"emulator":{"name":"firestore"},"message":"Aug 04, 2021 12:40:08 PM com.google.cloud.datastore.emulator.firestore.webchannel.FirestoreV1WebChannelAdapter$FirestoreWriteHandler onClose\nINFO: channel closed\n"}}
[debug] [2021-08-04T17:40:23.277Z] Aug 04, 2021 12:40:23 PM io.gapi.emulators.netty.HttpVersionRoutingHandler channelRead
INFO: Detected non-HTTP/2 connection.
 {"metadata":{"emulator":{"name":"firestore"},"message":"Aug 04, 2021 12:40:23 PM io.gapi.emulators.netty.HttpVersionRoutingHandler channelRead\nINFO: Detected non-HTTP/2 connection.\n"}}
[debug] [2021-08-04T17:40:31.560Z] Aug 04, 2021 12:40:31 PM io.gapi.emulators.netty.HttpVersionRoutingHandler channelRead
INFO: Detected non-HTTP/2 connection.
 {"metadata":{"emulator":{"name":"firestore"},"message":"Aug 04, 2021 12:40:31 PM io.gapi.emulators.netty.HttpVersionRoutingHandler channelRead\nINFO: Detected non-HTTP/2 connection.\n"}}
[debug] [2021-08-04T17:41:23.335Z] Aug 04, 2021 12:41:23 PM io.gapi.emulators.netty.HttpVersionRoutingHandler channelRead
INFO: Detected non-HTTP/2 connection.
 {"metadata":{"emulator":{"name":"firestore"},"message":"Aug 04, 2021 12:41:23 PM io.gapi.emulators.netty.HttpVersionRoutingHandler channelRead\nINFO: Detected non-HTTP/2 connection.\n"}}
